TN:
SF:src/index.ts
FN:1,(anonymous_0)
FN:1,(anonymous_1)
FN:2,(anonymous_2)
FN:2,(anonymous_3)
FNF:4
FNH:0
FNDA:0,(anonymous_0)
FNDA:0,(anonymous_1)
FNDA:0,(anonymous_2)
FNDA:0,(anonymous_3)
DA:1,0
DA:2,0
LF:2
LH:0
BRF:0
BRH:0
end_of_record
TN:
SF:src/examples/basic-example.ts
FN:20,(anonymous_0)
FN:33,(anonymous_1)
FN:38,(anonymous_2)
FN:43,(anonymous_3)
FN:48,(anonymous_4)
FN:54,(anonymous_5)
FNF:6
FNH:0
FNDA:0,(anonymous_0)
FNDA:0,(anonymous_1)
FNDA:0,(anonymous_2)
FNDA:0,(anonymous_3)
FNDA:0,(anonymous_4)
FNDA:0,(anonymous_5)
DA:1,0
DA:7,0
DA:9,0
DA:12,0
DA:15,0
DA:21,0
DA:34,0
DA:39,0
DA:44,0
DA:49,0
DA:50,0
DA:56,0
DA:57,0
DA:64,0
LF:14
LH:0
BRDA:59,0,0,0
BRDA:59,0,1,0
BRF:2
BRH:0
end_of_record
TN:
SF:src/examples/container-config-example.ts
FN:34,(anonymous_0)
FN:43,(anonymous_1)
FN:49,(anonymous_2)
FNF:3
FNH:0
FNDA:0,(anonymous_0)
FNDA:0,(anonymous_1)
FNDA:0,(anonymous_2)
DA:1,0
DA:7,0
DA:9,0
DA:12,0
DA:29,0
DA:36,0
DA:44,0
DA:45,0
DA:50,0
DA:53,0
DA:54,0
DA:55,0
DA:65,0
LF:13
LH:0
BRDA:53,0,0,0
BRF:1
BRH:0
end_of_record
TN:
SF:src/examples/load-balancing.ts
FN:7,(anonymous_0)
FN:22,(anonymous_1)
FNF:2
FNH:0
FNDA:0,(anonymous_0)
FNDA:0,(anonymous_1)
DA:1,0
DA:2,0
DA:7,0
DA:8,0
DA:21,0
DA:23,0
DA:25,0
DA:27,0
DA:28,0
DA:29,0
DA:33,0
DA:34,0
DA:35,0
DA:36,0
DA:37,0
DA:40,0
DA:42,0
DA:43,0
LF:18
LH:0
BRDA:27,0,0,0
BRDA:33,1,0,0
BRDA:34,2,0,0
BRDA:34,2,1,0
BRF:4
BRH:0
end_of_record
TN:
SF:src/examples/manual-start-example.ts
FN:14,(anonymous_0)
FN:22,(anonymous_1)
FN:27,(anonymous_2)
FN:32,(anonymous_3)
FN:40,(anonymous_4)
FNF:5
FNH:0
FNDA:0,(anonymous_0)
FNDA:0,(anonymous_1)
FNDA:0,(anonymous_2)
FNDA:0,(anonymous_3)
FNDA:0,(anonymous_4)
DA:1,0
DA:7,0
DA:9,0
DA:12,0
DA:16,0
DA:23,0
DA:28,0
DA:33,0
DA:34,0
DA:41,0
DA:44,0
DA:45,0
DA:46,0
DA:49,0
DA:50,0
DA:56,0
DA:64,0
DA:68,0
DA:78,0
LF:19
LH:0
BRDA:44,0,0,0
BRDA:49,1,0,0
BRDA:56,2,0,0
BRDA:56,2,1,0
BRDA:64,3,0,0
BRF:5
BRH:0
end_of_record
TN:
SF:src/examples/no-default-port-example.ts
FN:20,(anonymous_0)
FN:27,(anonymous_1)
FN:68,(anonymous_2)
FN:72,(anonymous_3)
FNF:4
FNH:0
FNDA:0,(anonymous_0)
FNDA:0,(anonymous_1)
FNDA:0,(anonymous_2)
FNDA:0,(anonymous_3)
DA:1,0
DA:8,0
DA:12,0
DA:15,0
DA:21,0
DA:28,0
DA:31,0
DA:32,0
DA:33,0
DA:34,0
DA:36,0
DA:43,0
DA:44,0
DA:46,0
DA:48,0
DA:50,0
DA:52,0
DA:54,0
DA:58,0
DA:61,0
DA:69,0
DA:73,0
LF:22
LH:0
BRDA:32,0,0,0
BRDA:32,0,1,0
BRDA:34,1,0,0
BRDA:34,1,1,0
BRDA:44,2,0,0
BRDA:44,2,1,0
BRDA:48,3,0,0
BRDA:48,3,1,0
BRDA:52,4,0,0
BRDA:52,4,1,0
BRDA:61,5,0,0
BRDA:61,5,1,0
BRF:12
BRH:0
end_of_record
TN:
SF:src/examples/timeout-example.ts
FN:20,(anonymous_0)
FN:25,(anonymous_1)
FN:30,(anonymous_2)
FN:35,(anonymous_3)
FN:58,(anonymous_4)
FNF:5
FNH:0
FNDA:0,(anonymous_0)
FNDA:0,(anonymous_1)
FNDA:0,(anonymous_2)
FNDA:0,(anonymous_3)
FNDA:0,(anonymous_4)
DA:1,0
DA:7,0
DA:9,0
DA:12,0
DA:15,0
DA:21,0
DA:26,0
DA:31,0
DA:36,0
DA:39,0
DA:41,0
DA:52,0
DA:54,0
DA:59,0
DA:62,0
DA:63,0
DA:68,0
DA:70,0
DA:80,0
DA:81,0
DA:90,0
DA:91,0
DA:103,0
LF:23
LH:0
BRDA:43,0,0,0
BRDA:43,0,1,0
BRDA:62,1,0,0
BRDA:80,2,0,0
BRDA:93,3,0,0
BRDA:93,3,1,0
BRF:6
BRH:0
end_of_record
TN:
SF:src/examples/websocket-example.ts
FN:19,(anonymous_0)
FN:24,(anonymous_1)
FN:29,(anonymous_2)
FN:34,(anonymous_3)
FN:44,(anonymous_4)
FNF:5
FNH:0
FNDA:0,(anonymous_0)
FNDA:0,(anonymous_1)
FNDA:0,(anonymous_2)
FNDA:0,(anonymous_3)
FNDA:0,(anonymous_4)
DA:1,0
DA:12,0
DA:14,0
DA:17,0
DA:20,0
DA:25,0
DA:30,0
DA:35,0
DA:36,0
DA:45,0
DA:48,0
DA:50,0
DA:51,0
DA:52,0
DA:54,0
DA:59,0
DA:60,0
DA:70,0
LF:18
LH:0
BRDA:48,0,0,0
BRDA:50,1,0,0
BRF:2
BRH:0
end_of_record
TN:
SF:src/examples/websocket-proxy-example.ts
FN:23,(anonymous_0)
FN:37,(anonymous_1)
FN:41,(anonymous_2)
FN:45,(anonymous_3)
FN:53,(anonymous_4)
FNF:5
FNH:0
FNDA:0,(anonymous_0)
FNDA:0,(anonymous_1)
FNDA:0,(anonymous_2)
FNDA:0,(anonymous_3)
FNDA:0,(anonymous_4)
DA:1,0
DA:8,0
DA:10,0
DA:13,0
DA:16,0
DA:24,0
DA:38,0
DA:42,0
DA:46,0
DA:47,0
DA:54,0
DA:55,0
DA:58,0
DA:60,0
DA:67,0
DA:71,0
DA:72,0
DA:78,0
DA:84,0
LF:19
LH:0
BRDA:58,0,0,0
BRDA:62,1,0,0
BRDA:62,1,1,0
BRDA:71,2,0,0
BRDA:80,3,0,0
BRDA:80,3,1,0
BRF:6
BRH:0
end_of_record
TN:
SF:src/lib/container.ts
FN:22,getCurrentContainer
FN:84,(anonymous_3)
FN:129,(anonymous_4)
FN:137,(anonymous_5)
FN:149,(anonymous_6)
FN:172,(anonymous_7)
FN:184,(anonymous_8)
FN:192,(anonymous_9)
FN:215,(anonymous_10)
FN:217,(anonymous_11)
FN:265,(anonymous_12)
FN:275,(anonymous_13)
FN:327,(anonymous_14)
FN:344,(anonymous_15)
FN:382,(anonymous_16)
FN:390,(anonymous_17)
FN:398,(anonymous_18)
FN:406,(anonymous_19)
FN:483,(anonymous_20)
FN:492,(anonymous_21)
FN:506,(anonymous_22)
FN:563,(anonymous_23)
FN:577,(anonymous_24)
FN:589,(anonymous_25)
FN:600,(anonymous_26)
FN:609,(anonymous_27)
FN:620,(anonymous_28)
FN:647,(anonymous_29)
FN:351,_Container_setStateInternal
FN:414,_Container_tryCatch
FN:426,_Container_scheduleSleepTimeout
FN:468,_Container_cancelSleepTimeout
FNF:32
FNH:17
FNDA:0,getCurrentContainer
FNDA:28,(anonymous_3)
FNDA:68,(anonymous_4)
FNDA:124,(anonymous_5)
FNDA:12,(anonymous_6)
FNDA:12,(anonymous_7)
FNDA:12,(anonymous_8)
FNDA:14,(anonymous_9)
FNDA:13,(anonymous_10)
FNDA:0,(anonymous_11)
FNDA:0,(anonymous_12)
FNDA:3,(anonymous_13)
FNDA:1,(anonymous_14)
FNDA:0,(anonymous_15)
FNDA:14,(anonymous_16)
FNDA:14,(anonymous_17)
FNDA:0,(anonymous_18)
FNDA:0,(anonymous_19)
FNDA:21,(anonymous_20)
FNDA:0,(anonymous_21)
FNDA:2,(anonymous_22)
FNDA:0,(anonymous_23)
FNDA:0,(anonymous_24)
FNDA:0,(anonymous_25)
FNDA:0,(anonymous_26)
FNDA:0,(anonymous_27)
FNDA:0,(anonymous_28)
FNDA:2,(anonymous_29)
FNDA:0,_Container_setStateInternal
FNDA:0,_Container_tryCatch
FNDA:8,_Container_scheduleSleepTimeout
FNDA:9,_Container_cancelSleepTimeout
DA:1,1
DA:2,1
DA:8,1
DA:9,1
DA:10,1
DA:13,1
DA:22,1
DA:27,0
DA:35,0
DA:36,0
DA:42,0
DA:48,1
DA:53,12
DA:56,12
DA:59,12
DA:65,1
DA:75,12
DA:79,12
DA:85,28
DA:87,0
DA:91,28
DA:96,28
DA:100,28
DA:105,0
DA:106,0
DA:107,0
DA:111,28
DA:112,28
DA:115,0
DA:116,0
DA:122,1
DA:133,68
DA:134,68
DA:136,68
DA:137,124
DA:142,68
DA:144,0
DA:145,0
DA:150,12
DA:153,12
DA:154,0
DA:155,0
DA:156,0
DA:163,12
DA:172,12
DA:173,12
DA:175,12
DA:185,12
DA:193,14
DA:194,0
DA:201,14
DA:202,13
DA:204,13
DA:205,13
DA:212,13
DA:213,13
DA:215,13
DA:216,13
DA:218,0
DA:221,0
DA:226,14
DA:227,13
DA:229,13
DA:231,13
DA:232,13
DA:235,1
DA:236,1
DA:239,1
DA:240,1
DA:241,1
DA:243,1
DA:246,1
DA:248,1
DA:249,1
DA:251,0
DA:254,0
DA:255,0
DA:257,0
DA:260,0
DA:265,0
DA:268,0
DA:276,3
DA:277,0
DA:281,3
DA:282,1
DA:286,2
DA:288,2
DA:289,0
DA:290,0
DA:292,0
DA:296,2
DA:299,2
DA:301,2
DA:304,2
DA:310,2
DA:311,0
DA:314,2
DA:316,2
DA:317,2
DA:319,0
DA:320,0
DA:328,1
DA:329,0
DA:333,1
DA:335,1
DA:338,1
DA:345,0
DA:351,1
DA:352,0
DA:355,0
DA:360,0
DA:366,0
DA:375,0
DA:407,0
DA:408,0
DA:415,0
DA:416,0
DA:418,0
DA:430,8
DA:432,0
DA:433,8
DA:435,8
DA:436,8
DA:438,0
DA:440,8
DA:441,8
DA:444,8
DA:445,0
DA:446,8
DA:447,0
DA:448,0
DA:453,0
DA:457,8
DA:460,8
DA:461,8
DA:469,9
DA:470,2
DA:471,2
DA:475,2
DA:484,21
DA:485,8
DA:494,0
DA:497,0
DA:507,2
DA:508,0
DA:512,2
DA:513,0
DA:517,2
DA:520,2
DA:521,0
DA:523,0
DA:525,0
DA:531,2
DA:534,2
DA:536,2
DA:538,2
DA:547,0
DA:548,0
DA:553,0
DA:554,0
DA:555,0
DA:558,0
DA:560,0
DA:563,0
DA:564,0
DA:566,0
DA:569,0
DA:571,0
DA:577,0
DA:578,0
DA:580,0
DA:582,0
DA:584,0
DA:589,0
DA:590,0
DA:592,0
DA:594,0
DA:600,0
DA:601,0
DA:602,0
DA:604,0
DA:609,0
DA:610,0
DA:611,0
DA:613,0
DA:620,0
DA:621,0
DA:622,0
DA:623,0
DA:630,0
DA:636,2
DA:637,2
DA:649,2
DA:652,2
DA:653,0
DA:660,2
DA:661,1
DA:665,1
LF:198
LH:106
BRDA:35,0,0,0
BRDA:85,1,0,0
BRDA:100,2,0,0
BRDA:101,3,0,28
BRDA:101,3,1,28
BRDA:111,4,0,28
BRDA:137,5,0,56
BRDA:137,5,1,68
BRDA:153,6,0,0
BRDA:154,7,0,0
BRDA:155,8,0,0
BRDA:156,9,0,0
BRDA:173,10,0,12
BRDA:192,11,0,14
BRDA:193,12,0,0
BRDA:201,13,0,13
BRDA:226,14,0,13
BRDA:254,15,0,0
BRDA:254,15,1,0
BRDA:255,16,0,0
BRDA:255,16,1,0
BRDA:255,17,0,0
BRDA:255,17,1,0
BRDA:276,18,0,0
BRDA:281,19,0,1
BRDA:281,20,0,3
BRDA:281,20,1,2
BRDA:286,21,0,2
BRDA:286,21,1,1
BRDA:288,22,0,0
BRDA:292,23,0,0
BRDA:292,23,1,0
BRDA:301,24,0,2
BRDA:301,24,1,1
BRDA:310,25,0,0
BRDA:310,26,0,2
BRDA:310,26,1,0
BRDA:320,27,0,0
BRDA:320,27,1,0
BRDA:328,28,0,0
BRDA:328,29,0,1
BRDA:328,29,1,1
BRDA:335,30,0,1
BRDA:335,30,1,0
BRDA:484,31,0,8
BRDA:507,32,0,0
BRDA:512,33,0,0
BRDA:512,34,0,2
BRDA:512,34,1,1
BRDA:517,35,0,2
BRDA:517,35,1,1
BRDA:520,36,0,0
BRDA:525,37,0,0
BRDA:525,37,1,0
BRDA:547,38,0,0
BRDA:637,39,0,2
BRDA:637,39,1,0
BRDA:652,40,0,0
BRDA:660,41,0,1
BRDA:351,42,0,0
BRDA:371,43,0,0
BRDA:371,43,1,0
BRDA:430,44,0,0
BRDA:430,44,1,8
BRDA:433,45,0,8
BRDA:433,45,1,0
BRDA:436,46,0,0
BRDA:436,46,1,8
BRDA:444,47,0,0
BRDA:444,47,1,8
BRDA:444,47,2,0
BRDA:444,47,3,0
BRDA:469,48,0,2
BRF:73
BRH:32
end_of_record
TN:
SF:src/lib/utils.ts
FN:12,randomContainerId
FN:22,loadBalance
FNF:2
FNH:2
FNDA:1,randomContainerId
FNDA:1,loadBalance
DA:12,1
DA:13,1
DA:22,1
DA:27,1
DA:30,1
DA:35,1
LF:6
LH:6
BRDA:24,0,0,0
BRDA:30,1,0,1
BRDA:30,1,1,0
BRF:3
BRH:1
end_of_record
