TN:
SF:src/index.ts
FN:1,(anonymous_0)
FN:1,(anonymous_1)
FN:2,(anonymous_2)
FN:2,(anonymous_3)
FNF:4
FNH:0
FNDA:0,(anonymous_0)
FNDA:0,(anonymous_1)
FNDA:0,(anonymous_2)
FNDA:0,(anonymous_3)
DA:1,0
DA:2,0
LF:2
LH:0
BRF:0
BRH:0
end_of_record
TN:
SF:src/examples/basic-example.ts
FN:20,(anonymous_0)
FN:33,(anonymous_1)
FN:38,(anonymous_2)
FN:43,(anonymous_3)
FN:48,(anonymous_4)
FN:54,(anonymous_5)
FNF:6
FNH:0
FNDA:0,(anonymous_0)
FNDA:0,(anonymous_1)
FNDA:0,(anonymous_2)
FNDA:0,(anonymous_3)
FNDA:0,(anonymous_4)
FNDA:0,(anonymous_5)
DA:1,0
DA:7,0
DA:9,0
DA:12,0
DA:15,0
DA:21,0
DA:34,0
DA:39,0
DA:44,0
DA:49,0
DA:50,0
DA:56,0
DA:57,0
DA:64,0
LF:14
LH:0
BRDA:59,0,0,0
BRDA:59,0,1,0
BRF:2
BRH:0
end_of_record
TN:
SF:src/examples/container-config-example.ts
FN:34,(anonymous_0)
FN:43,(anonymous_1)
FN:49,(anonymous_2)
FNF:3
FNH:0
FNDA:0,(anonymous_0)
FNDA:0,(anonymous_1)
FNDA:0,(anonymous_2)
DA:1,0
DA:7,0
DA:9,0
DA:12,0
DA:29,0
DA:36,0
DA:44,0
DA:45,0
DA:50,0
DA:53,0
DA:54,0
DA:55,0
DA:65,0
LF:13
LH:0
BRDA:53,0,0,0
BRF:1
BRH:0
end_of_record
TN:
SF:src/examples/load-balancing.ts
FN:7,(anonymous_0)
FN:22,(anonymous_1)
FNF:2
FNH:0
FNDA:0,(anonymous_0)
FNDA:0,(anonymous_1)
DA:1,0
DA:2,0
DA:7,0
DA:8,0
DA:21,0
DA:23,0
DA:25,0
DA:27,0
DA:28,0
DA:29,0
DA:33,0
DA:34,0
DA:35,0
DA:36,0
DA:37,0
DA:40,0
DA:42,0
DA:43,0
LF:18
LH:0
BRDA:27,0,0,0
BRDA:33,1,0,0
BRDA:34,2,0,0
BRDA:34,2,1,0
BRF:4
BRH:0
end_of_record
TN:
SF:src/examples/manual-start-example.ts
FN:14,(anonymous_0)
FN:22,(anonymous_1)
FN:27,(anonymous_2)
FN:32,(anonymous_3)
FN:40,(anonymous_4)
FNF:5
FNH:0
FNDA:0,(anonymous_0)
FNDA:0,(anonymous_1)
FNDA:0,(anonymous_2)
FNDA:0,(anonymous_3)
FNDA:0,(anonymous_4)
DA:1,0
DA:7,0
DA:9,0
DA:12,0
DA:16,0
DA:23,0
DA:28,0
DA:33,0
DA:34,0
DA:41,0
DA:44,0
DA:45,0
DA:46,0
DA:49,0
DA:50,0
DA:56,0
DA:64,0
DA:68,0
DA:78,0
LF:19
LH:0
BRDA:44,0,0,0
BRDA:49,1,0,0
BRDA:56,2,0,0
BRDA:56,2,1,0
BRDA:64,3,0,0
BRF:5
BRH:0
end_of_record
TN:
SF:src/examples/no-default-port-example.ts
FN:20,(anonymous_0)
FN:27,(anonymous_1)
FN:68,(anonymous_2)
FN:72,(anonymous_3)
FNF:4
FNH:0
FNDA:0,(anonymous_0)
FNDA:0,(anonymous_1)
FNDA:0,(anonymous_2)
FNDA:0,(anonymous_3)
DA:1,0
DA:8,0
DA:12,0
DA:15,0
DA:21,0
DA:28,0
DA:31,0
DA:32,0
DA:33,0
DA:34,0
DA:36,0
DA:43,0
DA:44,0
DA:46,0
DA:48,0
DA:50,0
DA:52,0
DA:54,0
DA:58,0
DA:61,0
DA:69,0
DA:73,0
LF:22
LH:0
BRDA:32,0,0,0
BRDA:32,0,1,0
BRDA:34,1,0,0
BRDA:34,1,1,0
BRDA:44,2,0,0
BRDA:44,2,1,0
BRDA:48,3,0,0
BRDA:48,3,1,0
BRDA:52,4,0,0
BRDA:52,4,1,0
BRDA:61,5,0,0
BRDA:61,5,1,0
BRF:12
BRH:0
end_of_record
TN:
SF:src/examples/timeout-example.ts
FN:20,(anonymous_0)
FN:25,(anonymous_1)
FN:30,(anonymous_2)
FN:35,(anonymous_3)
FN:58,(anonymous_4)
FNF:5
FNH:0
FNDA:0,(anonymous_0)
FNDA:0,(anonymous_1)
FNDA:0,(anonymous_2)
FNDA:0,(anonymous_3)
FNDA:0,(anonymous_4)
DA:1,0
DA:7,0
DA:9,0
DA:12,0
DA:15,0
DA:21,0
DA:26,0
DA:31,0
DA:36,0
DA:39,0
DA:41,0
DA:52,0
DA:54,0
DA:59,0
DA:62,0
DA:63,0
DA:68,0
DA:70,0
DA:80,0
DA:81,0
DA:90,0
DA:91,0
DA:103,0
LF:23
LH:0
BRDA:43,0,0,0
BRDA:43,0,1,0
BRDA:62,1,0,0
BRDA:80,2,0,0
BRDA:93,3,0,0
BRDA:93,3,1,0
BRF:6
BRH:0
end_of_record
TN:
SF:src/examples/websocket-example.ts
FN:19,(anonymous_0)
FN:24,(anonymous_1)
FN:29,(anonymous_2)
FN:34,(anonymous_3)
FN:44,(anonymous_4)
FNF:5
FNH:0
FNDA:0,(anonymous_0)
FNDA:0,(anonymous_1)
FNDA:0,(anonymous_2)
FNDA:0,(anonymous_3)
FNDA:0,(anonymous_4)
DA:1,0
DA:12,0
DA:14,0
DA:17,0
DA:20,0
DA:25,0
DA:30,0
DA:35,0
DA:36,0
DA:45,0
DA:48,0
DA:50,0
DA:51,0
DA:52,0
DA:54,0
DA:59,0
DA:60,0
DA:70,0
LF:18
LH:0
BRDA:48,0,0,0
BRDA:50,1,0,0
BRF:2
BRH:0
end_of_record
TN:
SF:src/examples/websocket-proxy-example.ts
FN:23,(anonymous_0)
FN:37,(anonymous_1)
FN:41,(anonymous_2)
FN:45,(anonymous_3)
FN:53,(anonymous_4)
FNF:5
FNH:0
FNDA:0,(anonymous_0)
FNDA:0,(anonymous_1)
FNDA:0,(anonymous_2)
FNDA:0,(anonymous_3)
FNDA:0,(anonymous_4)
DA:1,0
DA:8,0
DA:10,0
DA:13,0
DA:16,0
DA:24,0
DA:38,0
DA:42,0
DA:46,0
DA:47,0
DA:54,0
DA:55,0
DA:58,0
DA:60,0
DA:67,0
DA:71,0
DA:72,0
DA:78,0
DA:84,0
LF:19
LH:0
BRDA:58,0,0,0
BRDA:62,1,0,0
BRDA:62,1,1,0
BRDA:71,2,0,0
BRDA:80,3,0,0
BRDA:80,3,1,0
BRF:6
BRH:0
end_of_record
TN:
SF:src/lib/container.ts
FN:22,getCurrentContainer
FN:84,(anonymous_3)
FN:129,(anonymous_4)
FN:137,(anonymous_5)
FN:149,(anonymous_6)
FN:172,(anonymous_7)
FN:184,(anonymous_8)
FN:192,(anonymous_9)
FN:211,(anonymous_10)
FN:213,(anonymous_11)
FN:248,(anonymous_12)
FN:258,(anonymous_13)
FN:310,(anonymous_14)
FN:327,(anonymous_15)
FN:365,(anonymous_16)
FN:373,(anonymous_17)
FN:381,(anonymous_18)
FN:389,(anonymous_19)
FN:466,(anonymous_20)
FN:475,(anonymous_21)
FN:489,(anonymous_22)
FN:546,(anonymous_23)
FN:560,(anonymous_24)
FN:572,(anonymous_25)
FN:583,(anonymous_26)
FN:592,(anonymous_27)
FN:603,(anonymous_28)
FN:630,(anonymous_29)
FN:334,_Container_setStateInternal
FN:397,_Container_tryCatch
FN:409,_Container_scheduleSleepTimeout
FN:451,_Container_cancelSleepTimeout
FNF:32
FNH:17
FNDA:0,getCurrentContainer
FNDA:29,(anonymous_3)
FNDA:70,(anonymous_4)
FNDA:128,(anonymous_5)
FNDA:12,(anonymous_6)
FNDA:12,(anonymous_7)
FNDA:12,(anonymous_8)
FNDA:14,(anonymous_9)
FNDA:14,(anonymous_10)
FNDA:0,(anonymous_11)
FNDA:0,(anonymous_12)
FNDA:3,(anonymous_13)
FNDA:1,(anonymous_14)
FNDA:0,(anonymous_15)
FNDA:14,(anonymous_16)
FNDA:15,(anonymous_17)
FNDA:0,(anonymous_18)
FNDA:0,(anonymous_19)
FNDA:21,(anonymous_20)
FNDA:0,(anonymous_21)
FNDA:2,(anonymous_22)
FNDA:0,(anonymous_23)
FNDA:0,(anonymous_24)
FNDA:0,(anonymous_25)
FNDA:0,(anonymous_26)
FNDA:0,(anonymous_27)
FNDA:0,(anonymous_28)
FNDA:2,(anonymous_29)
FNDA:0,_Container_setStateInternal
FNDA:0,_Container_tryCatch
FNDA:8,_Container_scheduleSleepTimeout
FNDA:9,_Container_cancelSleepTimeout
DA:1,1
DA:2,1
DA:8,1
DA:9,1
DA:10,1
DA:13,1
DA:22,1
DA:27,0
DA:35,0
DA:36,0
DA:42,0
DA:48,1
DA:53,12
DA:56,12
DA:59,12
DA:65,1
DA:75,12
DA:79,12
DA:85,29
DA:87,0
DA:91,29
DA:96,29
DA:100,29
DA:105,0
DA:106,0
DA:107,0
DA:111,29
DA:112,29
DA:115,0
DA:116,0
DA:122,1
DA:133,70
DA:134,70
DA:136,70
DA:137,128
DA:142,70
DA:144,0
DA:145,0
DA:150,12
DA:153,12
DA:154,0
DA:155,0
DA:156,0
DA:163,12
DA:172,12
DA:173,12
DA:175,12
DA:185,12
DA:193,14
DA:194,0
DA:198,14
DA:200,13
DA:201,13
DA:209,14
DA:211,14
DA:212,14
DA:214,0
DA:217,0
DA:221,14
DA:223,13
DA:225,13
DA:226,13
DA:229,1
DA:232,1
DA:233,1
DA:234,1
DA:236,1
DA:238,1
DA:240,1
DA:241,1
DA:248,0
DA:251,0
DA:259,3
DA:260,0
DA:264,3
DA:265,1
DA:269,2
DA:271,2
DA:272,0
DA:273,0
DA:275,0
DA:279,2
DA:282,2
DA:284,2
DA:287,2
DA:293,2
DA:294,0
DA:297,2
DA:299,2
DA:300,2
DA:302,0
DA:303,0
DA:311,1
DA:312,0
DA:316,1
DA:318,1
DA:321,1
DA:328,0
DA:334,1
DA:335,0
DA:338,0
DA:343,0
DA:349,0
DA:358,0
DA:390,0
DA:391,0
DA:398,0
DA:399,0
DA:401,0
DA:413,8
DA:415,0
DA:416,8
DA:418,8
DA:419,8
DA:421,0
DA:423,8
DA:424,8
DA:427,8
DA:428,0
DA:429,8
DA:430,0
DA:431,0
DA:436,0
DA:440,8
DA:443,8
DA:444,8
DA:452,9
DA:453,2
DA:454,2
DA:458,2
DA:467,21
DA:468,8
DA:477,0
DA:480,0
DA:490,2
DA:491,0
DA:495,2
DA:496,0
DA:500,2
DA:503,2
DA:504,0
DA:506,0
DA:508,0
DA:514,2
DA:517,2
DA:519,2
DA:521,2
DA:530,0
DA:531,0
DA:536,0
DA:537,0
DA:538,0
DA:541,0
DA:543,0
DA:546,0
DA:547,0
DA:549,0
DA:552,0
DA:554,0
DA:560,0
DA:561,0
DA:563,0
DA:565,0
DA:567,0
DA:572,0
DA:573,0
DA:575,0
DA:577,0
DA:583,0
DA:584,0
DA:585,0
DA:587,0
DA:592,0
DA:593,0
DA:594,0
DA:596,0
DA:603,0
DA:604,0
DA:605,0
DA:606,0
DA:613,0
DA:619,2
DA:620,2
DA:632,2
DA:635,2
DA:636,0
DA:643,2
DA:644,1
DA:648,1
LF:189
LH:102
BRDA:35,0,0,0
BRDA:85,1,0,0
BRDA:100,2,0,0
BRDA:101,3,0,29
BRDA:101,3,1,29
BRDA:111,4,0,29
BRDA:137,5,0,58
BRDA:137,5,1,70
BRDA:153,6,0,0
BRDA:154,7,0,0
BRDA:155,8,0,0
BRDA:156,9,0,0
BRDA:173,10,0,12
BRDA:192,11,0,14
BRDA:193,12,0,0
BRDA:198,13,0,13
BRDA:221,14,0,13
BRDA:236,15,0,1
BRDA:259,16,0,0
BRDA:264,17,0,1
BRDA:264,18,0,3
BRDA:264,18,1,2
BRDA:269,19,0,2
BRDA:269,19,1,1
BRDA:271,20,0,0
BRDA:275,21,0,0
BRDA:275,21,1,0
BRDA:284,22,0,2
BRDA:284,22,1,1
BRDA:293,23,0,0
BRDA:293,24,0,2
BRDA:293,24,1,0
BRDA:303,25,0,0
BRDA:303,25,1,0
BRDA:311,26,0,0
BRDA:311,27,0,1
BRDA:311,27,1,1
BRDA:318,28,0,1
BRDA:318,28,1,0
BRDA:467,29,0,8
BRDA:490,30,0,0
BRDA:495,31,0,0
BRDA:495,32,0,2
BRDA:495,32,1,1
BRDA:500,33,0,2
BRDA:500,33,1,1
BRDA:503,34,0,0
BRDA:508,35,0,0
BRDA:508,35,1,0
BRDA:530,36,0,0
BRDA:620,37,0,2
BRDA:620,37,1,0
BRDA:635,38,0,0
BRDA:643,39,0,1
BRDA:334,40,0,0
BRDA:354,41,0,0
BRDA:354,41,1,0
BRDA:413,42,0,0
BRDA:413,42,1,8
BRDA:416,43,0,8
BRDA:416,43,1,0
BRDA:419,44,0,0
BRDA:419,44,1,8
BRDA:427,45,0,0
BRDA:427,45,1,8
BRDA:427,45,2,0
BRDA:427,45,3,0
BRDA:452,46,0,2
BRF:68
BRH:33
end_of_record
TN:
SF:src/lib/utils.ts
FN:12,randomContainerId
FN:22,loadBalance
FNF:2
FNH:2
FNDA:1,randomContainerId
FNDA:1,loadBalance
DA:12,1
DA:13,1
DA:22,1
DA:27,1
DA:30,1
DA:33,1
LF:6
LH:6
BRDA:24,0,0,0
BRF:1
BRH:0
end_of_record
